<?xml version="1.0" encoding="UTF-8"?>
<!-- Generated by org.testng.reporters.JUnitXMLReporter -->
<testsuite ignored="0" hostname="LAPTOP-6F9LGEKD" failures="2" tests="8" name="Test" time="53.517" errors="0" timestamp="2021-12-10T14:30:27 IST">
  <testcase classname="recruitCRM.LoginPageTest" name="elementVisibleTest" time="0.955"/>
  <testcase classname="recruitCRM.LoginPageTest" name="forgotPasswordTest" time="1.425"/>
  <testcase classname="recruitCRM.LoginPageTest" name="loginTitleTest" time="0.736"/>
  <testcase classname="recruitCRM.LoginPageTest" name="positiveLoginTest" time="2.941"/>
  <testcase classname="recruitCRM.LoginPageTest" name="sampleTest" time="2.631"/>
  <testcase classname="recruitCRM.LoginPageTest" name="sampleTest" time="1.857">
    <failure type="junit.framework.ComparisonFailure" message="expected:&amp;lt;&amp;gt; but was:&amp;lt;Failed to Login : Please check your Email ID &amp;amp; Password, if you still can’t login, email us at support@recruitcrm.io&amp;gt;">
      <![CDATA[junit.framework.ComparisonFailure: expected:<> but was:<Failed to Login : Please check your Email ID & Password, if you still can’t login, email us at support@recruitcrm.io>
at junit.framework.Assert.assertEquals(Assert.java:81)
at junit.framework.Assert.assertEquals(Assert.java:87)
at recruitCRM.LoginPageTest.sampleTest(LoginPageTest.java:152)
at java.base/java.util.ArrayList.forEach(ArrayList.java:1511)
... Removed 27 stack frames]]>
    </failure>
  </testcase> <!-- sampleTest -->
  <testcase classname="recruitCRM.LoginPageTest" name="sampleTest" time="1.025"/>
  <testcase classname="recruitCRM.LegalTermsPageTest" name="languageDropdownTest" time="0.989">
    <failure type="junit.framework.AssertionFailedError" message="expected:&amp;lt;false&amp;gt; but was:&amp;lt;true&amp;gt;">
      <![CDATA[junit.framework.AssertionFailedError: expected:<false> but was:<true>
at junit.framework.Assert.fail(Assert.java:47)
at junit.framework.Assert.failNotEquals(Assert.java:282)
at junit.framework.Assert.assertEquals(Assert.java:64)
at junit.framework.Assert.assertEquals(Assert.java:149)
at junit.framework.Assert.assertEquals(Assert.java:155)
at recruitCRM.LegalTermsPageTest.languageDropdownTest(LegalTermsPageTest.java:42)
at java.base/java.util.ArrayList.forEach(ArrayList.java:1511)
... Removed 27 stack frames]]>
    </failure>
  </testcase> <!-- languageDropdownTest -->
</testsuite> <!-- Test -->
