<?xml version="1.0" encoding="UTF-8"?>
<!-- Generated by org.testng.reporters.JUnitXMLReporter -->
<testsuite ignored="0" hostname="LAPTOP-6F9LGEKD" failures="2" tests="8" name="Command line test" time="53.754" errors="0" timestamp="2021-12-10T18:34:08 IST">
  <testcase classname="recruitCRM.LegalTermsPageTest" name="languageDropdownTest" time="1.043"/>
  <testcase classname="recruitCRM.LoginPageTest" name="elementVisibleTest" time="0.646">
    <failure type="junit.framework.AssertionFailedError" message="expected:&amp;lt;false&amp;gt; but was:&amp;lt;true&amp;gt;">
      <![CDATA[junit.framework.AssertionFailedError: expected:<false> but was:<true>
at junit.framework.Assert.fail(Assert.java:47)
at junit.framework.Assert.failNotEquals(Assert.java:282)
at junit.framework.Assert.assertEquals(Assert.java:64)
at junit.framework.Assert.assertEquals(Assert.java:149)
at junit.framework.Assert.assertEquals(Assert.java:155)
at recruitCRM.LoginPageTest.elementVisibleTest(LoginPageTest.java:70)
at java.base/java.util.ArrayList.forEach(ArrayList.java:1511)
... Removed 37 stack frames]]>
    </failure>
  </testcase> <!-- elementVisibleTest -->
  <testcase classname="recruitCRM.LoginPageTest" name="forgotPasswordTest" time="1.018">
    <failure type="junit.framework.ComparisonFailure" message="expected:&amp;lt;Forgot your password?&amp;gt; but was:&amp;lt;Login to Recruit CRM&amp;gt;">
      <![CDATA[junit.framework.ComparisonFailure: expected:<Forgot your password?> but was:<Login to Recruit CRM>
at junit.framework.Assert.assertEquals(Assert.java:81)
at junit.framework.Assert.assertEquals(Assert.java:87)
at recruitCRM.LoginPageTest.forgotPasswordTest(LoginPageTest.java:99)
at java.base/java.util.ArrayList.forEach(ArrayList.java:1511)
... Removed 37 stack frames]]>
    </failure>
  </testcase> <!-- forgotPasswordTest -->
  <testcase classname="recruitCRM.LoginPageTest" name="loginTitleTest" time="1.553"/>
  <testcase classname="recruitCRM.LoginPageTest" name="positiveLoginTest" time="3.497"/>
  <testcase classname="recruitCRM.LoginPageTest" name="sampleTest" time="1.827"/>
  <testcase classname="recruitCRM.LoginPageTest" name="sampleTest" time="1.824"/>
  <testcase classname="recruitCRM.LoginPageTest" name="sampleTest" time="1.536"/>
</testsuite> <!-- Command line test -->
